<?xml version="1.0" encoding="UTF-8"?>
<!-- Generated by org.testng.reporters.JUnitXMLReporter -->
<testsuite ignored="15" hostname="DESKTOP-73VT5SL" failures="0" tests="1" name="Default test" time="10.972" errors="0" timestamp="2023-07-12T10:47:07 IST">
  <testcase classname="tests.Tests" name="toggle" time="6.152"/>
  <testcase classname="tests.Tests" name="dropdown" time="0.0">
    <ignored/>
  </testcase> <!-- dropdown -->
  <testcase classname="tests.Tests" name="dragAndDrop" time="0.0">
    <ignored/>
  </testcase> <!-- dragAndDrop -->
  <testcase classname="tests.Tests" name="indeed_accountant" time="0.0">
    <ignored/>
  </testcase> <!-- indeed_accountant -->
  <testcase classname="tests.Tests" name="newtab" time="0.0">
    <ignored/>
  </testcase> <!-- newtab -->
  <testcase classname="tests.Tests" name="iframe" time="0.0">
    <ignored/>
  </testcase> <!-- iframe -->
  <testcase classname="tests.Tests" name="search_company" time="0.0">
    <ignored/>
  </testcase> <!-- search_company -->
  <testcase classname="tests.Tests" name="frame" time="0.0">
    <ignored/>
  </testcase> <!-- frame -->
  <testcase classname="tests.Tests" name="t3" time="0.0">
    <ignored/>
  </testcase> <!-- t3 -->
  <testcase classname="tests.Tests" name="popup" time="0.0">
    <ignored/>
  </testcase> <!-- popup -->
  <testcase classname="tests.Tests" name="spellchecker" time="0.0">
    <ignored/>
  </testcase> <!-- spellchecker -->
  <testcase classname="tests.Tests" name="t2" time="0.0">
    <ignored/>
  </testcase> <!-- t2 -->
  <testcase classname="tests.Tests" name="t1" time="0.0">
    <ignored/>
  </testcase> <!-- t1 -->
  <testcase classname="tests.Tests" name="get_table" time="0.0">
    <ignored/>
  </testcase> <!-- get_table -->
  <testcase classname="tests.Tests" name="search_name" time="0.0">
    <ignored/>
  </testcase> <!-- search_name -->
  <testcase classname="tests.Tests" name="excel" time="0.0">
    <ignored/>
  </testcase> <!-- excel -->
</testsuite> <!-- Default test -->
