<?xml version="1.0" encoding="UTF-8"?>
<testng-results ignored="5" total="6" passed="1" failed="0" skipped="0">
  <reporter-output>
  </reporter-output>
  <suite started-at="2023-03-01T12:43:29Z" name="Default suite" finished-at="2023-03-01T12:43:41Z" duration-ms="11750">
    <groups>
    </groups>
    <test started-at="2023-03-01T12:43:29Z" name="Default test" finished-at="2023-03-01T12:43:41Z" duration-ms="11750">
      <class name="tests.Tests">
        <test-method is-config="true" signature="bsconfig()[pri:0, instance:tests.Tests@2b30a42c]" started-at="2023-03-01T12:43:29Z" name="bsconfig" finished-at="2023-03-01T12:43:29Z" duration-ms="8" status="PASS">
          <reporter-output>
          </reporter-output>
        </test-method> <!-- bsconfig -->
        <test-method is-config="true" signature="bcconfig()[pri:0, instance:tests.Tests@2b30a42c]" started-at="2023-03-01T12:43:29Z" name="bcconfig" finished-at="2023-03-01T12:43:34Z" duration-ms="5179" status="PASS">
          <reporter-output>
          </reporter-output>
        </test-method> <!-- bcconfig -->
        <test-method signature="newtab()[pri:0, instance:tests.Tests@2b30a42c]" started-at="2023-03-01T12:43:34Z" name="newtab" finished-at="2023-03-01T12:43:41Z" duration-ms="6350" status="PASS">
          <reporter-output>
          </reporter-output>
        </test-method> <!-- newtab -->
        <test-method is-config="true" signature="acConfig()[pri:0, instance:tests.Tests@2b30a42c]" started-at="2023-03-01T12:43:41Z" name="acConfig" finished-at="2023-03-01T12:43:41Z" duration-ms="208" status="PASS">
          <reporter-output>
          </reporter-output>
        </test-method> <!-- acConfig -->
        <test-method is-config="true" signature="asConfig()[pri:0, instance:tests.Tests@2b30a42c]" started-at="2023-03-01T12:43:41Z" name="asConfig" finished-at="2023-03-01T12:43:41Z" duration-ms="0" status="PASS">
          <reporter-output>
          </reporter-output>
        </test-method> <!-- asConfig -->
      </class> <!-- tests.Tests -->
    </test> <!-- Default test -->
  </suite> <!-- Default suite -->
</testng-results>
